This is pdfTeX, Version 3.14159265-2.6-1.40.16 (TeX Live 2015/Debian) (preloaded format=pdflatex 2016.11.14)  10 MAY 2017 20:29
entering extended mode
 restricted \write18 enabled.
 %&-line parsing enabled.
**summary.tex
(./summary.tex
LaTeX2e <2015/01/01>
Babel <3.9l> and hyphenation patterns for 79 languages loaded.
(/usr/share/texlive/texmf-dist/tex/latex/base/article.cls
Document Class: article 2014/09/29 v1.4h Standard LaTeX document class
(/usr/share/texlive/texmf-dist/tex/latex/base/size10.clo
File: size10.clo 2014/09/29 v1.4h Standard LaTeX file (size option)
)
\c@part=\count79
\c@section=\count80
\c@subsection=\count81
\c@subsubsection=\count82
\c@paragraph=\count83
\c@subparagraph=\count84
\c@figure=\count85
\c@table=\count86
\abovecaptionskip=\skip41
\belowcaptionskip=\skip42
\bibindent=\dimen102
)
(/usr/share/texlive/texmf-dist/tex/latex/graphics/graphicx.sty
Package: graphicx 2014/10/28 v1.0g Enhanced LaTeX Graphics (DPC,SPQR)

(/usr/share/texlive/texmf-dist/tex/latex/graphics/keyval.sty
Package: keyval 2014/10/28 v1.15 key=value parser (DPC)
\KV@toks@=\toks14
)
(/usr/share/texlive/texmf-dist/tex/latex/graphics/graphics.sty
Package: graphics 2014/10/28 v1.0p Standard LaTeX Graphics (DPC,SPQR)

(/usr/share/texlive/texmf-dist/tex/latex/graphics/trig.sty
Package: trig 1999/03/16 v1.09 sin cos tan (DPC)
)
(/usr/share/texlive/texmf-dist/tex/latex/latexconfig/graphics.cfg
File: graphics.cfg 2010/04/23 v1.9 graphics configuration of TeX Live
)
Package graphics Info: Driver file: pdftex.def on input line 94.

(/usr/share/texlive/texmf-dist/tex/latex/pdftex-def/pdftex.def
File: pdftex.def 2011/05/27 v0.06d Graphics/color for pdfTeX

(/usr/share/texlive/texmf-dist/tex/generic/oberdiek/infwarerr.sty
Package: infwarerr 2010/04/08 v1.3 Providing info/warning/error messages (HO)
)
(/usr/share/texlive/texmf-dist/tex/generic/oberdiek/ltxcmds.sty
Package: ltxcmds 2011/11/09 v1.22 LaTeX kernel commands for general use (HO)
)
\Gread@gobject=\count87
))
\Gin@req@height=\dimen103
\Gin@req@width=\dimen104
)
(/usr/share/texlive/texmf-dist/tex/generic/babel/babel.sty
Package: babel 2014/09/25 3.9l The Babel package

(/usr/share/texlive/texmf-dist/tex/generic/babel-english/english.ldf
Language: english 2012/08/20 v3.3p English support from the babel system

(/usr/share/texlive/texmf-dist/tex/generic/babel/babel.def
File: babel.def 2014/09/25 3.9l Babel common definitions
\babel@savecnt=\count88
\U@D=\dimen105
)
\l@canadian = a dialect from \language\l@american 
\l@australian = a dialect from \language\l@british 
\l@newzealand = a dialect from \language\l@british 
))
(/usr/share/texlive/texmf-dist/tex/latex/base/inputenc.sty
Package: inputenc 2015/03/17 v1.2c Input encoding file
\inpenc@prehook=\toks15
\inpenc@posthook=\toks16

(/usr/share/texlive/texmf-dist/tex/latex/ucs/utf8x.def
File: utf8x.def 2004/10/17 UCS: Input encoding UTF-8
))
(/usr/share/texlive/texmf-dist/tex/latex/ucs/ucs.sty
Package: ucs 2013/05/11 v2.2 UCS: Unicode input support

(/usr/share/texlive/texmf-dist/tex/latex/ucs/data/uni-global.def
File: uni-global.def 2013/05/13 UCS: Unicode global data
)
\uc@secondtry=\count89
\uc@combtoks=\toks17
\uc@combtoksb=\toks18
\uc@temptokena=\toks19
)
(/usr/share/texlive/texmf-dist/tex/latex/base/fontenc.sty
Package: fontenc 2005/09/27 v1.99g Standard LaTeX package

(/usr/share/texlive/texmf-dist/tex/latex/base/t1enc.def
File: t1enc.def 2005/09/27 v1.99g Standard LaTeX file
LaTeX Font Info:    Redeclaring font encoding T1 on input line 48.
))
(/usr/share/texlive/texmf-dist/tex/latex/sectsty/sectsty.sty
Package: sectsty 2002/02/25 v2.0.2 Commands to change all sectional heading sty
les
)
(/usr/share/texlive/texmf-dist/tex/latex/pdfpages/pdfpages.sty
Package: pdfpages 2015/06/15 v0.4y Insert pages of external PDF documents (AM)

(/usr/share/texlive/texmf-dist/tex/latex/base/ifthen.sty
Package: ifthen 2014/09/29 v1.1c Standard LaTeX ifthen package (DPC)
)
(/usr/share/texlive/texmf-dist/tex/latex/tools/calc.sty
Package: calc 2014/10/28 v4.3 Infix arithmetic (KKT,FJ)
\calc@Acount=\count90
\calc@Bcount=\count91
\calc@Adimen=\dimen106
\calc@Bdimen=\dimen107
\calc@Askip=\skip43
\calc@Bskip=\skip44
LaTeX Info: Redefining \setlength on input line 80.
LaTeX Info: Redefining \addtolength on input line 81.
\calc@Ccount=\count92
\calc@Cskip=\skip45
)
(/usr/share/texlive/texmf-dist/tex/latex/eso-pic/eso-pic.sty
Package: eso-pic 2015/04/20 v2.0e eso-pic (RN)

(/usr/share/texlive/texmf-dist/tex/generic/oberdiek/atbegshi.sty
Package: atbegshi 2011/10/05 v1.16 At begin shipout hook (HO)

(/usr/share/texlive/texmf-dist/tex/generic/oberdiek/ifpdf.sty
Package: ifpdf 2011/01/30 v2.3 Provides the ifpdf switch (HO)
Package ifpdf Info: pdfTeX in PDF mode is detected.
))
(/usr/share/texlive/texmf-dist/tex/latex/xcolor/xcolor.sty
Package: xcolor 2007/01/21 v2.11 LaTeX color extensions (UK)

(/usr/share/texlive/texmf-dist/tex/latex/latexconfig/color.cfg
File: color.cfg 2007/01/18 v1.5 color configuration of teTeX/TeXLive
)
Package xcolor Info: Driver file: pdftex.def on input line 225.
Package xcolor Info: Model `cmy' substituted by `cmy0' on input line 1337.
Package xcolor Info: Model `hsb' substituted by `rgb' on input line 1341.
Package xcolor Info: Model `RGB' extended on input line 1353.
Package xcolor Info: Model `HTML' substituted by `rgb' on input line 1355.
Package xcolor Info: Model `Hsb' substituted by `hsb' on input line 1356.
Package xcolor Info: Model `tHsb' substituted by `hsb' on input line 1357.
Package xcolor Info: Model `HSB' substituted by `hsb' on input line 1358.
Package xcolor Info: Model `Gray' substituted by `gray' on input line 1359.
Package xcolor Info: Model `wave' substituted by `hsb' on input line 1360.
))
\AM@pagewidth=\dimen108
\AM@pageheight=\dimen109

(/usr/share/texlive/texmf-dist/tex/latex/pdfpages/pppdftex.def
File: pppdftex.def 2015/06/15 v0.4y Pdfpages driver for pdfTeX (AM)
)
(/usr/share/texlive/texmf-dist/tex/latex/oberdiek/pdflscape.sty
Package: pdflscape 2008/08/11 v0.10 Display of landscape pages in PDF (HO)

(/usr/share/texlive/texmf-dist/tex/latex/graphics/lscape.sty
Package: lscape 2000/10/22 v3.01 Landscape Pages (DPC)
)
Package pdflscape Info: Auto-detected driver: pdftex on input line 80.

(/usr/share/texlive/texmf-dist/tex/generic/ifxetex/ifxetex.sty
Package: ifxetex 2010/09/12 v0.6 Provides ifxetex conditional
))
\AM@pagebox=\box26
\AM@toc@title=\toks20
\c@AM@survey=\count93
\AM@templatesizebox=\box27
)
(/usr/share/texlive/texmf-dist/tex/latex/placeins/placeins.sty
Package: placeins 2005/04/18  v 2.2
)
(/usr/share/texlive/texmf-dist/tex/latex/float/float.sty
Package: float 2001/11/08 v1.3d Float enhancements (AL)
\c@float@type=\count94
\float@exts=\toks21
\float@box=\box28
\@float@everytoks=\toks22
\@floatcapt=\box29
)
(/usr/share/texlive/texmf-dist/tex/latex/listings/listings.sty
\lst@mode=\count95
\lst@gtempboxa=\box30
\lst@token=\toks23
\lst@length=\count96
\lst@currlwidth=\dimen110
\lst@column=\count97
\lst@pos=\count98
\lst@lostspace=\dimen111
\lst@width=\dimen112
\lst@newlines=\count99
\lst@lineno=\count100
\lst@maxwidth=\dimen113

(/usr/share/texlive/texmf-dist/tex/latex/listings/lstmisc.sty
File: lstmisc.sty 2015/06/04 1.6 (Carsten Heinz)
\c@lstnumber=\count101
\lst@skipnumbers=\count102
\lst@framebox=\box31
)
(/usr/share/texlive/texmf-dist/tex/latex/listings/listings.cfg
File: listings.cfg 2015/06/04 1.6 listings configuration
))
Package: listings 2015/06/04 1.6 (Carsten Heinz)

(/usr/share/texlive/texmf-dist/tex/latex/caption/caption.sty
Package: caption 2013/05/02 v3.3-89 Customizing captions (AR)

(/usr/share/texlive/texmf-dist/tex/latex/caption/caption3.sty
Package: caption3 2013/05/02 v1.6-88 caption3 kernel (AR)
Package caption3 Info: TeX engine: e-TeX on input line 57.
\captionmargin=\dimen114
\captionmargin@=\dimen115
\captionwidth=\dimen116
\caption@tempdima=\dimen117
\caption@indent=\dimen118
\caption@parindent=\dimen119
\caption@hangindent=\dimen120
)
\c@ContinuedFloat=\count103
Package caption Info: float package is loaded.
Package caption Info: listings package is loaded.
)
(/usr/share/texlive/texmf-dist/tex/latex/caption/subcaption.sty
Package: subcaption 2013/02/03 v1.1-62 Sub-captions (AR)
\c@subfigure=\count104
\c@subtable=\count105
)
(/usr/share/texlive/texmf-dist/tex/latex/parskip/parskip.sty
Package: parskip 2001/04/09 non-zero parskip adjustments
) (./summary.aux)
\openout1 = `summary.aux'.

LaTeX Font Info:    Checking defaults for OML/cmm/m/it on input line 21.
LaTeX Font Info:    ... okay on input line 21.
LaTeX Font Info:    Checking defaults for T1/cmr/m/n on input line 21.
LaTeX Font Info:    ... okay on input line 21.
LaTeX Font Info:    Checking defaults for OT1/cmr/m/n on input line 21.
LaTeX Font Info:    ... okay on input line 21.
LaTeX Font Info:    Checking defaults for OMS/cmsy/m/n on input line 21.
LaTeX Font Info:    ... okay on input line 21.
LaTeX Font Info:    Checking defaults for OMX/cmex/m/n on input line 21.
LaTeX Font Info:    ... okay on input line 21.
LaTeX Font Info:    Checking defaults for U/cmr/m/n on input line 21.
LaTeX Font Info:    ... okay on input line 21.

(/usr/share/texlive/texmf-dist/tex/context/base/supp-pdf.mkii
[Loading MPS to PDF converter (version 2006.09.02).]
\scratchcounter=\count106
\scratchdimen=\dimen121
\scratchbox=\box32
\nofMPsegments=\count107
\nofMParguments=\count108
\everyMPshowfont=\toks24
\MPscratchCnt=\count109
\MPscratchDim=\dimen122
\MPnumerator=\count110
\makeMPintoPDFobject=\count111
\everyMPtoPDFconversion=\toks25
) (/usr/share/texlive/texmf-dist/tex/generic/oberdiek/pdftexcmds.sty
Package: pdftexcmds 2011/11/29 v0.20 Utility functions of pdfTeX for LuaTeX (HO
)

(/usr/share/texlive/texmf-dist/tex/generic/oberdiek/ifluatex.sty
Package: ifluatex 2010/03/01 v1.3 Provides the ifluatex switch (HO)
Package ifluatex Info: LuaTeX not detected.
)
Package pdftexcmds Info: LuaTeX not detected.
Package pdftexcmds Info: \pdf@primitive is available.
Package pdftexcmds Info: \pdf@ifprimitive is available.
Package pdftexcmds Info: \pdfdraftmode found.
)
(/usr/share/texlive/texmf-dist/tex/latex/oberdiek/epstopdf-base.sty
Package: epstopdf-base 2010/02/09 v2.5 Base part for package epstopdf

(/usr/share/texlive/texmf-dist/tex/latex/oberdiek/grfext.sty
Package: grfext 2010/08/19 v1.1 Manage graphics extensions (HO)

(/usr/share/texlive/texmf-dist/tex/generic/oberdiek/kvdefinekeys.sty
Package: kvdefinekeys 2011/04/07 v1.3 Define keys (HO)
))
(/usr/share/texlive/texmf-dist/tex/latex/oberdiek/kvoptions.sty
Package: kvoptions 2011/06/30 v3.11 Key value format for package options (HO)

(/usr/share/texlive/texmf-dist/tex/generic/oberdiek/kvsetkeys.sty
Package: kvsetkeys 2012/04/25 v1.16 Key value parser (HO)

(/usr/share/texlive/texmf-dist/tex/generic/oberdiek/etexcmds.sty
Package: etexcmds 2011/02/16 v1.5 Avoid name clashes with e-TeX commands (HO)
Package etexcmds Info: Could not find \expanded.
(etexcmds)             That can mean that you are not using pdfTeX 1.50 or
(etexcmds)             that some package has redefined \expanded.
(etexcmds)             In the latter case, load this package earlier.
)))
Package grfext Info: Graphics extension search list:
(grfext)             [.png,.pdf,.jpg,.mps,.jpeg,.jbig2,.jb2,.PNG,.PDF,.JPG,.JPE
G,.JBIG2,.JB2,.eps]
(grfext)             \AppendGraphicsExtensions on input line 452.

(/usr/share/texlive/texmf-dist/tex/latex/latexconfig/epstopdf-sys.cfg
File: epstopdf-sys.cfg 2010/07/13 v1.3 Configuration of (r)epstopdf for TeX Liv
e
))
(/usr/share/texlive/texmf-dist/tex/latex/ucs/ucsencs.def
File: ucsencs.def 2011/01/21 Fixes to fontencodings LGR, T3
)
\AtBeginShipoutBox=\box33
\c@lstlisting=\count112
Package caption Info: Begin \AtBeginDocument code.
Package caption Info: End \AtBeginDocument code.
LaTeX Font Info:    External font `cmex10' loaded for size
(Font)              <12> on input line 26.
LaTeX Font Info:    External font `cmex10' loaded for size
(Font)              <8> on input line 26.
LaTeX Font Info:    External font `cmex10' loaded for size
(Font)              <6> on input line 26.
 [1

{/var/lib/texmf/fonts/map/pdftex/updmap/pdftex.map}] (./summary.toc
LaTeX Font Info:    External font `cmex10' loaded for size
(Font)              <7> on input line 3.
LaTeX Font Info:    External font `cmex10' loaded for size
(Font)              <5> on input line 3.
 [2])
\tf@toc=\write3
\openout3 = `summary.toc'.

 [3]
LaTeX Font Info:    Try loading font information for OMS+cmr on input line 36.

(/usr/share/texlive/texmf-dist/tex/latex/base/omscmr.fd
File: omscmr.fd 2014/09/29 v2.5h Standard LaTeX font definitions
)
LaTeX Font Info:    Font shape `OMS/cmr/m/n' in size <10> not available
(Font)              Font shape `OMS/cmsy/m/n' tried instead on input line 36.

Underfull \hbox (badness 10000) in paragraph at lines 58--59

 []


Underfull \hbox (badness 10000) in paragraph at lines 66--67

 []

[4]
Underfull \hbox (badness 10000) in paragraph at lines 69--70

 []


Underfull \hbox (badness 10000) in paragraph at lines 71--72

 []


Underfull \hbox (badness 10000) in paragraph at lines 73--74

 []


Underfull \hbox (badness 10000) in paragraph at lines 85--86

 []

<images/1-customers.png, id=22, 952.55875pt x 677.53125pt>
File: images/1-customers.png Graphic file (type png)

<use images/1-customers.png>
Package pdftex.def Info: images/1-customers.png used on input line 94.
(pdftex.def)             Requested size: 345.0pt x 245.38943pt.
 [5]
<images/1-structure.png, id=27, 952.55875pt x 698.61pt>
File: images/1-structure.png Graphic file (type png)

<use images/1-structure.png>
Package pdftex.def Info: images/1-structure.png used on input line 105.
(pdftex.def)             Requested size: 345.0pt x 253.02377pt.

<images/1-timeline.png, id=28, 1078.0275pt x 822.07124pt>
File: images/1-timeline.png Graphic file (type png)

<use images/1-timeline.png>
Package pdftex.def Info: images/1-timeline.png used on input line 115.
(pdftex.def)             Requested size: 345.0pt x 263.0807pt.
 [6 <./images/1-customers.png> <./images/1-structure.png>]
Overfull \hbox (3.50436pt too wide) in paragraph at lines 124--125
[]\T1/cmr/m/n/10 Mistakes in the orig-i-nal pro-cure-ment and con-tract man-age
-ment con-tributed
 []


Underfull \hbox (badness 10000) in paragraph at lines 125--126

 []

(/usr/share/texlive/texmf-dist/tex/latex/ucs/data/uni-0.def
File: uni-0.def 2013/05/13 UCS: Unicode data U+0000..U+00FF
)
Underfull \hbox (badness 10000) in paragraph at lines 128--129

 []

[7 <./images/1-timeline.png>]
Underfull \hbox (badness 10000) in paragraph at lines 137--138

 []

<images/1-issues.png, id=36, 664.4825pt x 469.755pt>
File: images/1-issues.png Graphic file (type png)
 <use images/1-issues.png>
Package pdftex.def Info: images/1-issues.png used on input line 145.
(pdftex.def)             Requested size: 345.0pt x 243.90128pt.

<images/1-issues-concluded.png, id=37, 648.4225pt x 470.75874pt>
File: images/1-issues-concluded.png Graphic file (type png)

<use images/1-issues-concluded.png>
Package pdftex.def Info: images/1-issues-concluded.png used on input line 155.
(pdftex.def)             Requested size: 345.0pt x 250.47067pt.
 [8 <./images/1-issues.png>] [9 <./images/1-issues-concluded.png>]
Underfull \hbox (badness 10000) in paragraph at lines 163--164

 []


Underfull \hbox (badness 10000) in paragraph at lines 168--169

 []


Underfull \hbox (badness 10000) in paragraph at lines 177--178

 []


Underfull \hbox (badness 10000) in paragraph at lines 181--182

 []

[10]
Underfull \hbox (badness 10000) in paragraph at lines 197--198

 []


Underfull \hbox (badness 10000) in paragraph at lines 200--202

 []


Underfull \hbox (badness 10000) in paragraph at lines 215--216

 []


Underfull \hbox (badness 10000) in paragraph at lines 227--228

 []

[11]
Underfull \hbox (badness 10000) in paragraph at lines 237--238

 []


Overfull \hbox (11.59421pt too wide) in paragraph at lines 249--250
$[]$ 
 []


Underfull \hbox (badness 10000) in paragraph at lines 256--257

 []

[12] <images/2-constraints.png, id=53, 591.20876pt x 476.78125pt>
File: images/2-constraints.png Graphic file (type png)

<use images/2-constraints.png>
Package pdftex.def Info: images/2-constraints.png used on input line 263.
(pdftex.def)             Requested size: 455.40137pt x 367.26819pt.

Overfull \hbox (75.89926pt too wide) in paragraph at lines 263--264
[][] 
 []

[13 <./images/2-constraints.png>]
Underfull \hbox (badness 10000) in paragraph at lines 294--295

 []


Underfull \hbox (badness 10000) in paragraph at lines 297--298

 []

[14]
Underfull \hbox (badness 10000) in paragraph at lines 312--313

 []


Underfull \hbox (badness 10000) in paragraph at lines 314--315

 []


Overfull \hbox (12.95995pt too wide) in paragraph at lines 323--334
[][] 
 []


Underfull \hbox (badness 10000) in paragraph at lines 336--337

 []

[15]
Underfull \hbox (badness 10000) in paragraph at lines 338--339

 []


<images/3-actuator-monitoring-architecture.png, id=64, 790.955pt x 512.91624pt>
File: images/3-actuator-monitoring-architecture.png Graphic file (type png)
<use images/3-actuator-monitoring-architecture.png>
Package pdftex.def Info: images/3-actuator-monitoring-architecture.png used on 
input line 352.
(pdftex.def)             Requested size: 345.0pt x 223.72722pt.
 [16 <./images/3-actuator-monitoring-architecture.png>]
<images/3-v-model.png, id=68, 1398.22375pt x 1027.84pt>
File: images/3-v-model.png Graphic file (type png)

<use images/3-v-model.png>
Package pdftex.def Info: images/3-v-model.png used on input line 377.
(pdftex.def)             Requested size: 496.79747pt x 365.19159pt.

Overfull \hbox (82.79852pt too wide) in paragraph at lines 377--378
[][] 
 []

[17 <./images/3-v-model.png>]
<images/3-spiral.png, id=72, 1295.84125pt x 963.6pt>
File: images/3-spiral.png Graphic file (type png)
 <use images/3-spiral.png>
Package pdftex.def Info: images/3-spiral.png used on input line 389.
(pdftex.def)             Requested size: 496.79747pt x 369.42125pt.

Overfull \hbox (82.79852pt too wide) in paragraph at lines 389--390
[][] 
 []

<images/3-Agile.png, id=73, 1357.07pt x 1010.77625pt>
File: images/3-Agile.png Graphic file (type png)
 <use images/3-Agile.png>
Package pdftex.def Info: images/3-Agile.png used on input line 399.
(pdftex.def)             Requested size: 496.79747pt x 370.0176pt.

Overfull \hbox (82.79852pt too wide) in paragraph at lines 399--400
[][] 
 []

[18 <./images/3-spiral.png>]
<images/3-ADevops.png, id=77, 1365.1pt x 969.6225pt>
File: images/3-ADevops.png Graphic file (type png)

<use images/3-ADevops.png>
Package pdftex.def Info: images/3-ADevops.png used on input line 408.
(pdftex.def)             Requested size: 496.79747pt x 352.86621pt.

Overfull \hbox (82.79852pt too wide) in paragraph at lines 408--409
[][] 
 []

[19 <./images/3-Agile.png>] [20 <./images/3-ADevops.png>]
Underfull \hbox (badness 10000) in paragraph at lines 428--430

 []

<images/3-graph.png, id=85, 980.66376pt x 926.46124pt>
File: images/3-graph.png Graphic file (type png)

<use images/3-graph.png>
Package pdftex.def Info: images/3-graph.png used on input line 435.
(pdftex.def)             Requested size: 345.0pt x 325.92027pt.

Underfull \hbox (badness 10000) in paragraph at lines 440--442

 []

[21 <./images/3-graph.png>]
Underfull \hbox (badness 10000) in paragraph at lines 443--444

 []


Underfull \hbox (badness 10000) in paragraph at lines 448--449

 []


Underfull \hbox (badness 10000) in paragraph at lines 456--457

 []


Underfull \hbox (badness 10000) in paragraph at lines 459--460

 []

<images/3-SLD-pattern.png, id=89, 1347.0325pt x 997.7275pt>
File: images/3-SLD-pattern.png Graphic file (type png)

<use images/3-SLD-pattern.png>
Package pdftex.def Info: images/3-SLD-pattern.png used on input line 468.
(pdftex.def)             Requested size: 496.79747pt x 367.96591pt.

Overfull \hbox (82.79852pt too wide) in paragraph at lines 468--469
[][] 
 []

[22] <images/3-model-view-controller.png, id=93, 1362.08875pt x 888.31876pt>
File: images/3-model-view-controller.png Graphic file (type png)

<use images/3-model-view-controller.png>
Package pdftex.def Info: images/3-model-view-controller.png used on input line 
477.
(pdftex.def)             Requested size: 496.79747pt x 323.99644pt.

Overfull \hbox (82.79852pt too wide) in paragraph at lines 477--478
[][] 
 []

[23 <./images/3-SLD-pattern.png>]
<images/3-sense-compute-control.png, id=97, 1371.1225pt x 1001.7425pt>
File: images/3-sense-compute-control.png Graphic file (type png)

<use images/3-sense-compute-control.png>
Package pdftex.def Info: images/3-sense-compute-control.png used on input line 
487.
(pdftex.def)             Requested size: 496.79747pt x 362.96568pt.

Overfull \hbox (82.79852pt too wide) in paragraph at lines 487--488
[][] 
 []

[24 <./images/3-model-view-controller.png>] [25 <./images/3-sense-compute-contr
ol.png>] <aimages/influencecycle.png, id=105, 870.25125pt x 599.23875pt>
File: aimages/influencecycle.png Graphic file (type png)

<use aimages/influencecycle.png>
Package pdftex.def Info: aimages/influencecycle.png used on input line 504.
(pdftex.def)             Requested size: 261.0774pt x 179.77301pt.
 [26 <./aimages/influencecycle.png>]
<aimages/qascenario.png, id=111, 883.3pt x 641.39626pt>
File: aimages/qascenario.png Graphic file (type png)

<use aimages/qascenario.png>
Package pdftex.def Info: aimages/qascenario.png used on input line 542.
(pdftex.def)             Requested size: 264.99205pt x 192.42035pt.
 [27 <./aimages/qascenario.png>]
Underfull \hbox (badness 10000) in paragraph at lines 550--551

 []

<aimages/availaibilitytactic.png, id=116, 730.73pt x 943.525pt>
File: aimages/availaibilitytactic.png Graphic file (type png)

<use aimages/availaibilitytactic.png>
Package pdftex.def Info: aimages/availaibilitytactic.png used on input line 559
.
(pdftex.def)             Requested size: 219.22069pt x 283.05968pt.
 [28 <./aimages/availaibilitytactic.png>]
[29]
Underfull \hbox (badness 10000) in paragraph at lines 621--623

 []


Underfull \hbox (badness 10000) in paragraph at lines 621--623

 []


Underfull \hbox (badness 10000) in paragraph at lines 647--648

 []

[30]
Underfull \hbox (badness 10000) in paragraph at lines 659--661

 []


Underfull \hbox (badness 10000) in paragraph at lines 659--661

 []

[31]
Underfull \hbox (badness 10000) in paragraph at lines 689--690

 []


Underfull \hbox (badness 10000) in paragraph at lines 689--690

 []


Underfull \hbox (badness 10000) in paragraph at lines 695--696

 []


Underfull \hbox (badness 10000) in paragraph at lines 697--698

 []


Underfull \hbox (badness 10000) in paragraph at lines 699--700

 []


Underfull \hbox (badness 10000) in paragraph at lines 701--703

 []

(/usr/share/texlive/texmf-dist/tex/latex/ucs/data/uni-32.def
File: uni-32.def 2013/05/13 UCS: Unicode data U+2000..U+20FF
) [32]
<images/abcdefg.png, id=138, 551.05875pt x 709.65125pt>
File: images/abcdefg.png Graphic file (type png)

<use images/abcdefg.png>
Package pdftex.def Info: images/abcdefg.png used on input line 745.
(pdftex.def)             Requested size: 330.63779pt x 425.79402pt.
 [33] [34 <./images/abcdefg.png>] [35] [36] [37]
Underfull \hbox (badness 10000) in paragraph at lines 836--837

 []


Underfull \hbox (badness 10000) in paragraph at lines 839--840

 []

<images/10-linked.png, id=156, 1171.37625pt x 764.8575pt>
File: images/10-linked.png Graphic file (type png)

<use images/10-linked.png>
Package pdftex.def Info: images/10-linked.png used on input line 846.
(pdftex.def)             Requested size: 345.0pt x 225.26921pt.

<images/10-linked-redliner.png, id=157, 1634.105pt x 742.775pt>
File: images/10-linked-redliner.png Graphic file (type png)

<use images/10-linked-redliner.png>
Package pdftex.def Info: images/10-linked-redliner.png used on input line 856.
(pdftex.def)             Requested size: 345.0pt x 156.81471pt.
 [38 <./images/10-linked.png>]
Overfull \hbox (4.05643pt too wide) in paragraph at lines 862--863
\T1/cmr/m/n/10 Depending on the soft-ware project, \T1/cmr/bx/n/10 com-po-nents
 \T1/cmr/m/n/10 will have \T1/cmr/bx/n/10 application-specific
 []


Underfull \hbox (badness 10000) in paragraph at lines 862--863

 []


Underfull \hbox (badness 10000) in paragraph at lines 877--878

 []

[39 <./images/10-linked-redliner.png>]
Overfull \hbox (1.05579pt too wide) in paragraph at lines 889--890
\T1/cmr/m/n/10 Information is trans-mit-ted be-tween \T1/cmr/bx/n/10 com-po-nen
ts \T1/cmr/m/n/10 (e.g. mes-sage pass-ing; method
 []


Underfull \hbox (badness 10000) in paragraph at lines 892--893

 []

<images/10-pipes.png, id=164, 1617.04124pt x 700.6175pt>
File: images/10-pipes.png Graphic file (type png)

<use images/10-pipes.png>
Package pdftex.def Info: images/10-pipes.png used on input line 907.
(pdftex.def)             Requested size: 345.0pt x 149.47523pt.

Underfull \hbox (badness 10000) in paragraph at lines 914--915

 []

[40 <./images/10-pipes.png>]
Underfull \hbox (badness 10000) in paragraph at lines 925--926

 []


Underfull \hbox (badness 10000) in paragraph at lines 930--931

 []


Overfull \hbox (1.75269pt too wide) in paragraph at lines 950--950
[]\T1/cmr/bx/n/12 Types of Con-nec-tors (Talyor, Med-vi-dovic & Dashofy) 
 []


Overfull \hbox (67.8632pt too wide) in paragraph at lines 952--971
[][] 
 []

[41] [42] [43] [44] (./summary.aux) ) 
Here is how much of TeX's memory you used:
 7124 strings out of 493085
 104010 string characters out of 6136916
 182261 words of memory out of 5000000
 10470 multiletter control sequences out of 15000+600000
 13153 words of font info for 32 fonts, out of 8000000 for 9000
 1141 hyphenation exceptions out of 8191
 38i,11n,39p,695b,507s stack positions out of 5000i,500n,10000p,200000b,80000s
{/usr/share/texmf/fonts/enc/dvips/cm-super
/cm-super-t1.enc}</usr/share/texlive/texmf-dist/fonts/type1/public/amsfonts/cm/
cmmi10.pfb></usr/share/texlive/texmf-dist/fonts/type1/public/amsfonts/cm/cmr10.
pfb></usr/share/texlive/texmf-dist/fonts/type1/public/amsfonts/cm/cmr7.pfb></us
r/share/texlive/texmf-dist/fonts/type1/public/amsfonts/cm/cmsy10.pfb></usr/shar
e/texmf/fonts/type1/public/cm-super/sfbi1000.pfb></usr/share/texmf/fonts/type1/
public/cm-super/sfbx1000.pfb></usr/share/texmf/fonts/type1/public/cm-super/sfbx
1200.pfb></usr/share/texmf/fonts/type1/public/cm-super/sfbx1440.pfb></usr/share
/texmf/fonts/type1/public/cm-super/sfrm1000.pfb></usr/share/texmf/fonts/type1/p
ublic/cm-super/sfrm1200.pfb></usr/share/texmf/fonts/type1/public/cm-super/sfrm1
728.pfb></usr/share/texmf/fonts/type1/public/cm-super/sfti1000.pfb>
Output written on summary.pdf (44 pages, 3930220 bytes).
PDF statistics:
 224 PDF objects out of 1000 (max. 8388607)
 138 compressed objects within 2 object streams
 0 named destinations out of 1000 (max. 500000)
 111 words of extra memory for PDF output out of 10000 (max. 10000000)

