\BOOKMARK [0][-]{chapter.1}{Quality Attriburtes}{}% 1
\BOOKMARK [1][-]{section.1.1}{Some Background}{chapter.1}% 2
\BOOKMARK [2][-]{subsection.1.1.1}{Stakeholders}{section.1.1}% 3
\BOOKMARK [2][-]{subsection.1.1.2}{Functional Requirements}{section.1.1}% 4
\BOOKMARK [2][-]{subsection.1.1.3}{Constraints}{section.1.1}% 5
\BOOKMARK [1][-]{section.1.2}{Quality Attributes}{chapter.1}% 6
\BOOKMARK [2][-]{subsection.1.2.1}{Problems with Quality Attributes}{section.1.2}% 7
\BOOKMARK [2][-]{subsection.1.2.2}{QA Scenarios}{section.1.2}% 8
\BOOKMARK [2][-]{subsection.1.2.3}{Architectural Tactics}{section.1.2}% 9
\BOOKMARK [2][-]{subsection.1.2.4}{Categories of Architectural Design Decisions}{section.1.2}% 10
\BOOKMARK [0][-]{chapter.2}{Security}{}% 11
\BOOKMARK [1][-]{section.2.1}{Important QA's}{chapter.2}% 12
\BOOKMARK [1][-]{section.2.2}{Security Scenario Components}{chapter.2}% 13
\BOOKMARK [2][-]{subsection.2.2.1}{Generic Example}{section.2.2}% 14
\BOOKMARK [1][-]{section.2.3}{More Concrete example}{chapter.2}% 15
\BOOKMARK [1][-]{section.2.4}{Security Architecture tactics}{chapter.2}% 16
\BOOKMARK [1][-]{section.2.5}{Architectural Design Decisions}{chapter.2}% 17
\BOOKMARK [2][-]{subsection.2.5.1}{Allocation of resposibilities}{section.2.5}% 18
\BOOKMARK [2][-]{subsection.2.5.2}{Coordination Model}{section.2.5}% 19
\BOOKMARK [2][-]{subsection.2.5.3}{Data Model}{section.2.5}% 20
\BOOKMARK [2][-]{subsection.2.5.4}{Mapping among Architectural Elements}{section.2.5}% 21
\BOOKMARK [2][-]{subsection.2.5.5}{Resource Management}{section.2.5}% 22
\BOOKMARK [2][-]{subsection.2.5.6}{Binding Time}{section.2.5}% 23
\BOOKMARK [2][-]{subsection.2.5.7}{Choices of Technologies}{section.2.5}% 24
