This is pdfTeX, Version 3.14159265-2.6-1.40.16 (TeX Live 2015/Debian) (preloaded format=pdflatex 2016.11.14)  9 MAY 2017 23:18
entering extended mode
 restricted \write18 enabled.
 %&-line parsing enabled.
**main.tex
(./main.tex
LaTeX2e <2015/01/01>
Babel <3.9l> and hyphenation patterns for 79 languages loaded.
(/usr/share/texlive/texmf-dist/tex/latex/base/report.cls
Document Class: report 2014/09/29 v1.4h Standard LaTeX document class
(/usr/share/texlive/texmf-dist/tex/latex/base/size10.clo
File: size10.clo 2014/09/29 v1.4h Standard LaTeX file (size option)
)
\c@part=\count79
\c@chapter=\count80
\c@section=\count81
\c@subsection=\count82
\c@subsubsection=\count83
\c@paragraph=\count84
\c@subparagraph=\count85
\c@figure=\count86
\c@table=\count87
\abovecaptionskip=\skip41
\belowcaptionskip=\skip42
\bibindent=\dimen102
)
(/usr/share/texlive/texmf-dist/tex/latex/graphics/graphicx.sty
Package: graphicx 2014/10/28 v1.0g Enhanced LaTeX Graphics (DPC,SPQR)

(/usr/share/texlive/texmf-dist/tex/latex/graphics/keyval.sty
Package: keyval 2014/10/28 v1.15 key=value parser (DPC)
\KV@toks@=\toks14
)
(/usr/share/texlive/texmf-dist/tex/latex/graphics/graphics.sty
Package: graphics 2014/10/28 v1.0p Standard LaTeX Graphics (DPC,SPQR)

(/usr/share/texlive/texmf-dist/tex/latex/graphics/trig.sty
Package: trig 1999/03/16 v1.09 sin cos tan (DPC)
)
(/usr/share/texlive/texmf-dist/tex/latex/latexconfig/graphics.cfg
File: graphics.cfg 2010/04/23 v1.9 graphics configuration of TeX Live
)
Package graphics Info: Driver file: pdftex.def on input line 94.

(/usr/share/texlive/texmf-dist/tex/latex/pdftex-def/pdftex.def
File: pdftex.def 2011/05/27 v0.06d Graphics/color for pdfTeX

(/usr/share/texlive/texmf-dist/tex/generic/oberdiek/infwarerr.sty
Package: infwarerr 2010/04/08 v1.3 Providing info/warning/error messages (HO)
)
(/usr/share/texlive/texmf-dist/tex/generic/oberdiek/ltxcmds.sty
Package: ltxcmds 2011/11/09 v1.22 LaTeX kernel commands for general use (HO)
)
\Gread@gobject=\count88
))
\Gin@req@height=\dimen103
\Gin@req@width=\dimen104
)
(/usr/share/texlive/texmf-dist/tex/generic/babel/babel.sty
Package: babel 2014/09/25 3.9l The Babel package

(/usr/share/texlive/texmf-dist/tex/generic/babel-english/english.ldf
Language: english 2012/08/20 v3.3p English support from the babel system

(/usr/share/texlive/texmf-dist/tex/generic/babel/babel.def
File: babel.def 2014/09/25 3.9l Babel common definitions
\babel@savecnt=\count89
\U@D=\dimen105
)
\l@canadian = a dialect from \language\l@american 
\l@australian = a dialect from \language\l@british 
\l@newzealand = a dialect from \language\l@british 
))
(/usr/share/texlive/texmf-dist/tex/latex/base/inputenc.sty
Package: inputenc 2015/03/17 v1.2c Input encoding file
\inpenc@prehook=\toks15
\inpenc@posthook=\toks16

(/usr/share/texlive/texmf-dist/tex/latex/ucs/utf8x.def
File: utf8x.def 2004/10/17 UCS: Input encoding UTF-8
))
(/usr/share/texlive/texmf-dist/tex/latex/ucs/ucs.sty
Package: ucs 2013/05/11 v2.2 UCS: Unicode input support

(/usr/share/texlive/texmf-dist/tex/latex/ucs/data/uni-global.def
File: uni-global.def 2013/05/13 UCS: Unicode global data
)
\uc@secondtry=\count90
\uc@combtoks=\toks17
\uc@combtoksb=\toks18
\uc@temptokena=\toks19
)
(/usr/share/texlive/texmf-dist/tex/latex/base/fontenc.sty
Package: fontenc 2005/09/27 v1.99g Standard LaTeX package

(/usr/share/texlive/texmf-dist/tex/latex/base/t1enc.def
File: t1enc.def 2005/09/27 v1.99g Standard LaTeX file
LaTeX Font Info:    Redeclaring font encoding T1 on input line 48.
))
(/usr/share/texlive/texmf-dist/tex/latex/sectsty/sectsty.sty
Package: sectsty 2002/02/25 v2.0.2 Commands to change all sectional heading sty
les
)
(/usr/share/texlive/texmf-dist/tex/latex/pdfpages/pdfpages.sty
Package: pdfpages 2015/06/15 v0.4y Insert pages of external PDF documents (AM)

(/usr/share/texlive/texmf-dist/tex/latex/base/ifthen.sty
Package: ifthen 2014/09/29 v1.1c Standard LaTeX ifthen package (DPC)
)
(/usr/share/texlive/texmf-dist/tex/latex/tools/calc.sty
Package: calc 2014/10/28 v4.3 Infix arithmetic (KKT,FJ)
\calc@Acount=\count91
\calc@Bcount=\count92
\calc@Adimen=\dimen106
\calc@Bdimen=\dimen107
\calc@Askip=\skip43
\calc@Bskip=\skip44
LaTeX Info: Redefining \setlength on input line 80.
LaTeX Info: Redefining \addtolength on input line 81.
\calc@Ccount=\count93
\calc@Cskip=\skip45
)
(/usr/share/texlive/texmf-dist/tex/latex/eso-pic/eso-pic.sty
Package: eso-pic 2015/04/20 v2.0e eso-pic (RN)

(/usr/share/texlive/texmf-dist/tex/generic/oberdiek/atbegshi.sty
Package: atbegshi 2011/10/05 v1.16 At begin shipout hook (HO)

(/usr/share/texlive/texmf-dist/tex/generic/oberdiek/ifpdf.sty
Package: ifpdf 2011/01/30 v2.3 Provides the ifpdf switch (HO)
Package ifpdf Info: pdfTeX in PDF mode is detected.
))
(/usr/share/texlive/texmf-dist/tex/latex/xcolor/xcolor.sty
Package: xcolor 2007/01/21 v2.11 LaTeX color extensions (UK)

(/usr/share/texlive/texmf-dist/tex/latex/latexconfig/color.cfg
File: color.cfg 2007/01/18 v1.5 color configuration of teTeX/TeXLive
)
Package xcolor Info: Driver file: pdftex.def on input line 225.
Package xcolor Info: Model `cmy' substituted by `cmy0' on input line 1337.
Package xcolor Info: Model `hsb' substituted by `rgb' on input line 1341.
Package xcolor Info: Model `RGB' extended on input line 1353.
Package xcolor Info: Model `HTML' substituted by `rgb' on input line 1355.
Package xcolor Info: Model `Hsb' substituted by `hsb' on input line 1356.
Package xcolor Info: Model `tHsb' substituted by `hsb' on input line 1357.
Package xcolor Info: Model `HSB' substituted by `hsb' on input line 1358.
Package xcolor Info: Model `Gray' substituted by `gray' on input line 1359.
Package xcolor Info: Model `wave' substituted by `hsb' on input line 1360.
))
\AM@pagewidth=\dimen108
\AM@pageheight=\dimen109

(/usr/share/texlive/texmf-dist/tex/latex/pdfpages/pppdftex.def
File: pppdftex.def 2015/06/15 v0.4y Pdfpages driver for pdfTeX (AM)
)
(/usr/share/texlive/texmf-dist/tex/latex/oberdiek/pdflscape.sty
Package: pdflscape 2008/08/11 v0.10 Display of landscape pages in PDF (HO)

(/usr/share/texlive/texmf-dist/tex/latex/graphics/lscape.sty
Package: lscape 2000/10/22 v3.01 Landscape Pages (DPC)
)
Package pdflscape Info: Auto-detected driver: pdftex on input line 80.

(/usr/share/texlive/texmf-dist/tex/generic/ifxetex/ifxetex.sty
Package: ifxetex 2010/09/12 v0.6 Provides ifxetex conditional
))
\AM@pagebox=\box26
\AM@toc@title=\toks20
\c@AM@survey=\count94
\AM@templatesizebox=\box27
)
(/usr/share/texlive/texmf-dist/tex/latex/placeins/placeins.sty
Package: placeins 2005/04/18  v 2.2
)
(/usr/share/texlive/texmf-dist/tex/latex/float/float.sty
Package: float 2001/11/08 v1.3d Float enhancements (AL)
\c@float@type=\count95
\float@exts=\toks21
\float@box=\box28
\@float@everytoks=\toks22
\@floatcapt=\box29
)
(/usr/share/texlive/texmf-dist/tex/latex/listings/listings.sty
\lst@mode=\count96
\lst@gtempboxa=\box30
\lst@token=\toks23
\lst@length=\count97
\lst@currlwidth=\dimen110
\lst@column=\count98
\lst@pos=\count99
\lst@lostspace=\dimen111
\lst@width=\dimen112
\lst@newlines=\count100
\lst@lineno=\count101
\lst@maxwidth=\dimen113

(/usr/share/texlive/texmf-dist/tex/latex/listings/lstmisc.sty
File: lstmisc.sty 2015/06/04 1.6 (Carsten Heinz)
\c@lstnumber=\count102
\lst@skipnumbers=\count103
\lst@framebox=\box31
)
(/usr/share/texlive/texmf-dist/tex/latex/listings/listings.cfg
File: listings.cfg 2015/06/04 1.6 listings configuration
))
Package: listings 2015/06/04 1.6 (Carsten Heinz)

(/usr/share/texlive/texmf-dist/tex/latex/caption/caption.sty
Package: caption 2013/05/02 v3.3-89 Customizing captions (AR)

(/usr/share/texlive/texmf-dist/tex/latex/caption/caption3.sty
Package: caption3 2013/05/02 v1.6-88 caption3 kernel (AR)
Package caption3 Info: TeX engine: e-TeX on input line 57.
\captionmargin=\dimen114
\captionmargin@=\dimen115
\captionwidth=\dimen116
\caption@tempdima=\dimen117
\caption@indent=\dimen118
\caption@parindent=\dimen119
\caption@hangindent=\dimen120
)
\c@ContinuedFloat=\count104
Package caption Info: float package is loaded.
Package caption Info: listings package is loaded.
)
(/usr/share/texlive/texmf-dist/tex/latex/caption/subcaption.sty
Package: subcaption 2013/02/03 v1.1-62 Sub-captions (AR)
\c@subfigure=\count105
\c@subtable=\count106
) (./main.aux)
\openout1 = `main.aux'.

LaTeX Font Info:    Checking defaults for OML/cmm/m/it on input line 15.
LaTeX Font Info:    ... okay on input line 15.
LaTeX Font Info:    Checking defaults for T1/cmr/m/n on input line 15.
LaTeX Font Info:    ... okay on input line 15.
LaTeX Font Info:    Checking defaults for OT1/cmr/m/n on input line 15.
LaTeX Font Info:    ... okay on input line 15.
LaTeX Font Info:    Checking defaults for OMS/cmsy/m/n on input line 15.
LaTeX Font Info:    ... okay on input line 15.
LaTeX Font Info:    Checking defaults for OMX/cmex/m/n on input line 15.
LaTeX Font Info:    ... okay on input line 15.
LaTeX Font Info:    Checking defaults for U/cmr/m/n on input line 15.
LaTeX Font Info:    ... okay on input line 15.

(/usr/share/texlive/texmf-dist/tex/context/base/supp-pdf.mkii
[Loading MPS to PDF converter (version 2006.09.02).]
\scratchcounter=\count107
\scratchdimen=\dimen121
\scratchbox=\box32
\nofMPsegments=\count108
\nofMParguments=\count109
\everyMPshowfont=\toks24
\MPscratchCnt=\count110
\MPscratchDim=\dimen122
\MPnumerator=\count111
\makeMPintoPDFobject=\count112
\everyMPtoPDFconversion=\toks25
) (/usr/share/texlive/texmf-dist/tex/generic/oberdiek/pdftexcmds.sty
Package: pdftexcmds 2011/11/29 v0.20 Utility functions of pdfTeX for LuaTeX (HO
)

(/usr/share/texlive/texmf-dist/tex/generic/oberdiek/ifluatex.sty
Package: ifluatex 2010/03/01 v1.3 Provides the ifluatex switch (HO)
Package ifluatex Info: LuaTeX not detected.
)
Package pdftexcmds Info: LuaTeX not detected.
Package pdftexcmds Info: \pdf@primitive is available.
Package pdftexcmds Info: \pdf@ifprimitive is available.
Package pdftexcmds Info: \pdfdraftmode found.
)
(/usr/share/texlive/texmf-dist/tex/latex/oberdiek/epstopdf-base.sty
Package: epstopdf-base 2010/02/09 v2.5 Base part for package epstopdf

(/usr/share/texlive/texmf-dist/tex/latex/oberdiek/grfext.sty
Package: grfext 2010/08/19 v1.1 Manage graphics extensions (HO)

(/usr/share/texlive/texmf-dist/tex/generic/oberdiek/kvdefinekeys.sty
Package: kvdefinekeys 2011/04/07 v1.3 Define keys (HO)
))
(/usr/share/texlive/texmf-dist/tex/latex/oberdiek/kvoptions.sty
Package: kvoptions 2011/06/30 v3.11 Key value format for package options (HO)

(/usr/share/texlive/texmf-dist/tex/generic/oberdiek/kvsetkeys.sty
Package: kvsetkeys 2012/04/25 v1.16 Key value parser (HO)

(/usr/share/texlive/texmf-dist/tex/generic/oberdiek/etexcmds.sty
Package: etexcmds 2011/02/16 v1.5 Avoid name clashes with e-TeX commands (HO)
Package etexcmds Info: Could not find \expanded.
(etexcmds)             That can mean that you are not using pdfTeX 1.50 or
(etexcmds)             that some package has redefined \expanded.
(etexcmds)             In the latter case, load this package earlier.
)))
Package grfext Info: Graphics extension search list:
(grfext)             [.png,.pdf,.jpg,.mps,.jpeg,.jbig2,.jb2,.PNG,.PDF,.JPG,.JPE
G,.JBIG2,.JB2,.eps]
(grfext)             \AppendGraphicsExtensions on input line 452.

(/usr/share/texlive/texmf-dist/tex/latex/latexconfig/epstopdf-sys.cfg
File: epstopdf-sys.cfg 2010/07/13 v1.3 Configuration of (r)epstopdf for TeX Liv
e
))
(/usr/share/texlive/texmf-dist/tex/latex/ucs/ucsencs.def
File: ucsencs.def 2011/01/21 Fixes to fontencodings LGR, T3
)
\AtBeginShipoutBox=\box33
\c@lstlisting=\count113
Package caption Info: Begin \AtBeginDocument code.
Package caption Info: End \AtBeginDocument code.

Chapter 1.
LaTeX Font Info:    Try loading font information for OMS+cmr on input line 21.
(/usr/share/texlive/texmf-dist/tex/latex/base/omscmr.fd
File: omscmr.fd 2014/09/29 v2.5h Standard LaTeX font definitions
)
LaTeX Font Info:    Font shape `OMS/cmr/m/n' in size <10> not available
(Font)              Font shape `OMS/cmsy/m/n' tried instead on input line 21.
 [1


{/var/lib/texmf/fonts/map/pdftex/updmap/pdftex.map}]
<images/n05at-zq1xe.pdf, id=12, 1138.2525pt x 738.76pt>
File: images/n05at-zq1xe.pdf Graphic file (type pdf)

<use images/n05at-zq1xe.pdf>
Package pdftex.def Info: images/n05at-zq1xe.pdf used on input line 92.
(pdftex.def)             Requested size: 910.60326pt x 591.00879pt.

Overfull \hbox (81.78969pt too wide) in paragraph at lines 92--93
 [] 
 []


LaTeX Warning: `h' float specifier changed to `ht'.

[2] [3 <./images/n05at-zq1xe.pdf>] [4]
Chapter 2.

Underfull \hbox (badness 10000) in paragraph at lines 157--161

 []


Underfull \hbox (badness 10000) in paragraph at lines 164--170

 []

[5

] (/usr/share/texlive/texmf-dist/tex/latex/ucs/data/uni-32.def
File: uni-32.def 2013/05/13 UCS: Unicode data U+2000..U+20FF
) [6] [7]
Chapter 3.

Underfull \hbox (badness 10000) in paragraph at lines 242--247

 []


Overfull \hbox (7.76665pt too wide) in paragraph at lines 248--248
[]\T1/cmr/bx/n/14.4 MVC Model ^^U model to test the ^^Pper-for-mance^^Q
 []


Underfull \hbox (badness 10000) in paragraph at lines 249--252

 []

[8

] [9] [10]
Chapter 4.
<images/LifecycleStages.pdf, id=47, 567.11874pt x 584.1825pt>
File: images/LifecycleStages.pdf Graphic file (type pdf)

<use images/LifecycleStages.pdf>
Package pdftex.def Info: images/LifecycleStages.pdf used on input line 319.
(pdftex.def)             Requested size: 340.27386pt x 350.51219pt.

Overfull \hbox (81.8169pt too wide) in paragraph at lines 319--320
 [] 
 []


LaTeX Warning: `h' float specifier changed to `ht'.

<images/VModel.pdf, id=48, 1093.08376pt x 792.9625pt>
File: images/VModel.pdf Graphic file (type pdf)
 <use images/VModel.pdf>
Package pdftex.def Info: images/VModel.pdf used on input line 328.
(pdftex.def)             Requested size: 655.85532pt x 475.78116pt.

Overfull \hbox (81.79231pt too wide) in paragraph at lines 328--329
 [] 
 []


LaTeX Warning: `h' float specifier changed to `ht'.

<images/Spiral.pdf, id=49, 790.955pt x 686.565pt>
File: images/Spiral.pdf Graphic file (type pdf)
 <use images/Spiral.pdf>
Package pdftex.def Info: images/Spiral.pdf used on input line 335.
(pdftex.def)             Requested size: 632.76486pt x 549.25275pt.

Overfull \hbox (81.79958pt too wide) in paragraph at lines 335--336
 [] 
 []


LaTeX Warning: `h' float specifier changed to `ht'.

<images/RUP.pdf, id=50, 953.5625pt x 752.8125pt>
File: images/RUP.pdf Graphic file (type pdf)
 <use images/RUP.pdf>
Package pdftex.def Info: images/RUP.pdf used on input line 342.
(pdftex.def)             Requested size: 762.85104pt x 602.25081pt.

Overfull \hbox (81.78731pt too wide) in paragraph at lines 342--343
 [] 
 []


LaTeX Warning: `h' float specifier changed to `ht'.

[11

] [12 <./images/LifecycleStages.pdf>] [13 <./images/VModel.pdf>] [14 <./images/
Spiral.pdf>] [15 <./images/RUP.pdf>]
<images/AgileTable1.pdf, id=91, 1087.06125pt x 456.70625pt>
File: images/AgileTable1.pdf Graphic file (type pdf)

<use images/AgileTable1.pdf>
Package pdftex.def Info: images/AgileTable1.pdf used on input line 390.
(pdftex.def)             Requested size: 869.65019pt x 365.36548pt.

Overfull \hbox (81.79686pt too wide) in paragraph at lines 390--391
 [] 
 []

[16

] <images/AgileTable2.pdf, id=95, 1089.06876pt x 603.25375pt>
File: images/AgileTable2.pdf Graphic file (type pdf)

<use images/AgileTable2.pdf>
Package pdftex.def Info: images/AgileTable2.pdf used on input line 396.
(pdftex.def)             Requested size: 871.2562pt x 482.60365pt.

Overfull \hbox (81.78737pt too wide) in paragraph at lines 396--397
 [] 
 []


LaTeX Warning: `h' float specifier changed to `ht'.

<images/AgileTable3.pdf, id=96, 1089.06876pt x 691.58376pt>
File: images/AgileTable3.pdf Graphic file (type pdf)

<use images/AgileTable3.pdf>
Package pdftex.def Info: images/AgileTable3.pdf used on input line 402.
(pdftex.def)             Requested size: 871.2562pt x 553.26775pt.

Overfull \hbox (81.78737pt too wide) in paragraph at lines 402--403
 [] 
 []


LaTeX Warning: `h' float specifier changed to `ht'.

<images/AgileTable4.pdf, id=97, 1088.065pt x 640.3925pt>
File: images/AgileTable4.pdf Graphic file (type pdf)

<use images/AgileTable4.pdf>
Package pdftex.def Info: images/AgileTable4.pdf used on input line 408.
(pdftex.def)             Requested size: 870.4532pt x 512.3147pt.

Overfull \hbox (81.79248pt too wide) in paragraph at lines 408--409
 [] 
 []


LaTeX Warning: `h' float specifier changed to `ht'.

<images/Analysis1.pdf, id=98, 1127.21124pt x 847.165pt>
File: images/Analysis1.pdf Graphic file (type pdf)

<use images/Analysis1.pdf>
Package pdftex.def Info: images/Analysis1.pdf used on input line 420.
(pdftex.def)             Requested size: 901.77023pt x 677.73291pt.

Overfull \hbox (81.79149pt too wide) in paragraph at lines 420--421
 [] 
 []


LaTeX Warning: `h' float specifier changed to `ht'.

<images/Analysis2.pdf, id=99, 1079.03125pt x 719.68875pt>
File: images/Analysis2.pdf Graphic file (type pdf)

<use images/Analysis2.pdf>
Package pdftex.def Info: images/Analysis2.pdf used on input line 427.
(pdftex.def)             Requested size: 863.22618pt x 575.75179pt.

Overfull \hbox (81.7922pt too wide) in paragraph at lines 427--428
 [] 
 []


LaTeX Warning: `h' float specifier changed to `ht'.

[17 <./images/AgileTable1.pdf>] [18 <./images/AgileTable2.pdf>] [19 <./images/A
gileTable3.pdf>] [20 <./images/AgileTable4.pdf>] [21 <./images/Analysis1.pdf>]
[22 <./images/Analysis2.pdf>] [23

]
Chapter 5.
[24

] [25] [26]
Chapter 6.
<images/OSLC.pdf, id=168, 1113.15875pt x 812.03375pt>
File: images/OSLC.pdf Graphic file (type pdf)
 <use images/OSLC.pdf>
Package pdftex.def Info: images/OSLC.pdf used on input line 536.
(pdftex.def)             Requested size: 890.52823pt x 649.62788pt.

Overfull \hbox (81.7975pt too wide) in paragraph at lines 536--537
 [] 
 []


LaTeX Warning: `h' float specifier changed to `ht'.

[27

] [28 <./images/OSLC.pdf>] [29] (./main.aux) ) 
Here is how much of TeX's memory you used:
 6546 strings out of 493085
 96745 string characters out of 6136916
 179555 words of memory out of 5000000
 9923 multiletter control sequences out of 15000+600000
 9818 words of font info for 22 fonts, out of 8000000 for 9000
 1141 hyphenation exceptions out of 8191
 38i,7n,39p,586b,345s stack positions out of 5000i,500n,10000p,200000b,80000s
{/usr/share/texmf/fonts/enc/dvips
/cm-super/cm-super-t1.enc}</usr/share/texlive/texmf-dist/fonts/type1/public/ams
fonts/cm/cmsy10.pfb></usr/share/texmf/fonts/type1/public/cm-super/sfbx1000.pfb>
</usr/share/texmf/fonts/type1/public/cm-super/sfbx1440.pfb></usr/share/texmf/fo
nts/type1/public/cm-super/sfbx2074.pfb></usr/share/texmf/fonts/type1/public/cm-
super/sfbx2488.pfb></usr/share/texmf/fonts/type1/public/cm-super/sfrm1000.pfb>
Output written on main.pdf (29 pages, 1597266 bytes).
PDF statistics:
 207 PDF objects out of 1000 (max. 8388607)
 132 compressed objects within 2 object streams
 0 named destinations out of 1000 (max. 500000)
 61 words of extra memory for PDF output out of 10000 (max. 10000000)

